<?xml version="1.0" encoding="utf-8"?><testsuites name="pytest tests"><testsuite name="pytest" errors="0" failures="0" skipped="0" tests="19" time="2.809" timestamp="2026-05-25T07:00:09.596864+00:00" hostname="agent-env-a0dccf42-c211-45ad-ad37-bfa6880186ba"><testcase classname="backend.tests.test_cosmic_bites" name="test_root" time="0.276" /><testcase classname="backend.tests.test_cosmic_bites.TestAuth" name="test_admin_login" time="0.286" /><testcase classname="backend.tests.test_cosmic_bites.TestAuth" name="test_login_invalid" time="0.271" /><testcase classname="backend.tests.test_cosmic_bites.TestAuth" name="test_register_and_duplicate" time="0.324" /><testcase classname="backend.tests.test_cosmic_bites.TestAuth" name="test_me_with_token" time="0.323" /><testcase classname="backend.tests.test_cosmic_bites.TestAuth" name="test_me_without_token" time="0.052" /><testcase classname="backend.tests.test_cosmic_bites.TestAuth" name="test_update_profile" time="0.126" /><testcase classname="backend.tests.test_cosmic_bites.TestCatalog" name="test_event_categories" time="0.046" /><testcase classname="backend.tests.test_cosmic_bites.TestCatalog" name="test_services" time="0.044" /><testcase classname="backend.tests.test_cosmic_bites.TestCatalog" name="test_menu_all" time="0.049" /><testcase classname="backend.tests.test_cosmic_bites.TestCatalog" name="test_menu_filter" time="0.046" /><testcase classname="backend.tests.test_cosmic_bites.TestCatalog" name="test_portfolio" time="0.048" /><testcase classname="backend.tests.test_cosmic_bites.TestCatalog" name="test_portfolio_filter" time="0.047" /><testcase classname="backend.tests.test_cosmic_bites.TestCatalog" name="test_testimonials" time="0.046" /><testcase classname="backend.tests.test_cosmic_bites.TestCatalog" name="test_corporate_clients" time="0.045" /><testcase classname="backend.tests.test_cosmic_bites.TestQuotes" name="test_estimate_no_auth" time="0.048" /><testcase classname="backend.tests.test_cosmic_bites.TestQuotes" name="test_create_quote_no_auth" time="0.048" /><testcase classname="backend.tests.test_cosmic_bites.TestQuotes" name="test_create_quote_with_auth_and_my" time="0.118" /><testcase classname="backend.tests.test_cosmic_bites.TestQuotes" name="test_my_quotes_requires_auth" time="0.043" /></testsuite></testsuites>