<?xml version="1.0" encoding="utf-8"?><testsuites name="pytest tests"><testsuite name="pytest" errors="0" failures="0" skipped="0" tests="17" time="2.981" timestamp="2026-05-25T07:52:01.667486+00:00" hostname="agent-env-a0dccf42-c211-45ad-ad37-bfa6880186ba"><testcase classname="backend.tests.test_admin_and_public.TestPublicInquiries" name="test_post_inquiry_no_auth" time="0.308" /><testcase classname="backend.tests.test_admin_and_public.TestPublicInquiries" name="test_inquiry_persisted_visible_to_admin" time="0.388" /><testcase classname="backend.tests.test_admin_and_public.TestPublicQuote" name="test_estimate_no_auth" time="0.046" /><testcase classname="backend.tests.test_admin_and_public.TestPublicQuote" name="test_public_quote_no_auth" time="0.046" /><testcase classname="backend.tests.test_admin_and_public.TestPublicQuote" name="test_public_quote_visible_to_admin" time="0.044" /><testcase classname="backend.tests.test_admin_and_public.TestAdminGating" name="test_no_token_401" time="0.135" /><testcase classname="backend.tests.test_admin_and_public.TestAdminGating" name="test_customer_403" time="0.406" /><testcase classname="backend.tests.test_admin_and_public.TestAdminStats" name="test_stats" time="0.051" /><testcase classname="backend.tests.test_admin_and_public.TestAdminQuotes" name="test_status_update_and_delete" time="0.224" /><testcase classname="backend.tests.test_admin_and_public.TestAdminInquiries" name="test_reply_and_delete" time="0.132" /><testcase classname="backend.tests.test_admin_and_public.TestAdminCRUD" name="test_menu_crud" time="0.189" /><testcase classname="backend.tests.test_admin_and_public.TestAdminCRUD" name="test_service_crud" time="0.135" /><testcase classname="backend.tests.test_admin_and_public.TestAdminCRUD" name="test_portfolio_crud" time="0.175" /><testcase classname="backend.tests.test_admin_and_public.TestAdminCRUD" name="test_testimonial_crud" time="0.162" /><testcase classname="backend.tests.test_admin_and_public.TestAdminCRUD" name="test_client_crud" time="0.136" /><testcase classname="backend.tests.test_admin_and_public.TestAdminMedia" name="test_upload_data_url" time="0.113" /><testcase classname="backend.tests.test_admin_and_public.TestAdminMedia" name="test_upload_bad_url_400" time="0.045" /></testsuite></testsuites>